[2024-01-24T00:00:03.206+0000] {processor.py:161} INFO - Started process (PID=15596) to work on /opt/airflow/dags/pipeline.py
[2024-01-24T00:00:03.213+0000] {processor.py:830} INFO - Processing file /opt/airflow/dags/pipeline.py for tasks to queue
[2024-01-24T00:00:03.214+0000] {logging_mixin.py:188} INFO - [2024-01-24T00:00:03.213+0000] {dagbag.py:538} INFO - Filling up the DagBag from /opt/airflow/dags/pipeline.py
[2024-01-24T00:00:03.253+0000] {processor.py:840} INFO - DAG(s) 'my_python_scripts_dag' retrieved from /opt/airflow/dags/pipeline.py
[2024-01-24T00:00:03.282+0000] {logging_mixin.py:188} INFO - [2024-01-24T00:00:03.282+0000] {dag.py:3036} INFO - Sync 1 DAGs
[2024-01-24T00:00:03.486+0000] {processor.py:183} INFO - Processing /opt/airflow/dags/pipeline.py took 0.284 seconds
[2024-01-24T00:00:34.003+0000] {processor.py:161} INFO - Started process (PID=15848) to work on /opt/airflow/dags/pipeline.py
[2024-01-24T00:00:34.004+0000] {processor.py:830} INFO - Processing file /opt/airflow/dags/pipeline.py for tasks to queue
[2024-01-24T00:00:34.006+0000] {logging_mixin.py:188} INFO - [2024-01-24T00:00:34.005+0000] {dagbag.py:538} INFO - Filling up the DagBag from /opt/airflow/dags/pipeline.py
[2024-01-24T00:00:34.043+0000] {processor.py:840} INFO - DAG(s) 'my_python_scripts_dag' retrieved from /opt/airflow/dags/pipeline.py
[2024-01-24T00:00:34.078+0000] {logging_mixin.py:188} INFO - [2024-01-24T00:00:34.077+0000] {dag.py:3036} INFO - Sync 1 DAGs
[2024-01-24T00:00:34.375+0000] {processor.py:183} INFO - Processing /opt/airflow/dags/pipeline.py took 0.377 seconds
[2024-01-24T00:01:04.582+0000] {processor.py:161} INFO - Started process (PID=16100) to work on /opt/airflow/dags/pipeline.py
[2024-01-24T00:01:04.583+0000] {processor.py:830} INFO - Processing file /opt/airflow/dags/pipeline.py for tasks to queue
[2024-01-24T00:01:04.585+0000] {logging_mixin.py:188} INFO - [2024-01-24T00:01:04.584+0000] {dagbag.py:538} INFO - Filling up the DagBag from /opt/airflow/dags/pipeline.py
[2024-01-24T00:01:04.603+0000] {processor.py:840} INFO - DAG(s) 'my_python_scripts_dag' retrieved from /opt/airflow/dags/pipeline.py
[2024-01-24T00:01:04.628+0000] {logging_mixin.py:188} INFO - [2024-01-24T00:01:04.627+0000] {dag.py:3036} INFO - Sync 1 DAGs
[2024-01-24T00:01:04.693+0000] {processor.py:183} INFO - Processing /opt/airflow/dags/pipeline.py took 0.115 seconds
[2024-01-24T00:21:24.921+0000] {processor.py:161} INFO - Started process (PID=16350) to work on /opt/airflow/dags/pipeline.py
[2024-01-24T00:21:24.937+0000] {processor.py:830} INFO - Processing file /opt/airflow/dags/pipeline.py for tasks to queue
[2024-01-24T00:21:24.945+0000] {logging_mixin.py:188} INFO - [2024-01-24T00:21:24.944+0000] {dagbag.py:538} INFO - Filling up the DagBag from /opt/airflow/dags/pipeline.py
[2024-01-24T00:21:25.001+0000] {processor.py:840} INFO - DAG(s) 'my_python_scripts_dag' retrieved from /opt/airflow/dags/pipeline.py
[2024-01-24T00:21:25.082+0000] {logging_mixin.py:188} INFO - [2024-01-24T00:21:25.081+0000] {dag.py:3036} INFO - Sync 1 DAGs
[2024-01-24T00:21:25.563+0000] {processor.py:183} INFO - Processing /opt/airflow/dags/pipeline.py took 0.658 seconds
[2024-01-24T08:16:13.751+0000] {processor.py:161} INFO - Started process (PID=168) to work on /opt/airflow/dags/pipeline.py
[2024-01-24T08:16:14.776+0000] {processor.py:830} INFO - Processing file /opt/airflow/dags/pipeline.py for tasks to queue
[2024-01-24T08:16:15.324+0000] {logging_mixin.py:188} INFO - [2024-01-24T08:16:14.778+0000] {dagbag.py:538} INFO - Filling up the DagBag from /opt/airflow/dags/pipeline.py
[2024-01-24T08:16:15.389+0000] {processor.py:840} INFO - DAG(s) 'my_python_scripts_dag' retrieved from /opt/airflow/dags/pipeline.py
[2024-01-24T08:16:25.205+0000] {logging_mixin.py:188} INFO - [2024-01-24T08:16:25.204+0000] {override.py:1769} INFO - Created Permission View: can read on DAG:my_python_scripts_dag
[2024-01-24T08:16:25.239+0000] {logging_mixin.py:188} INFO - [2024-01-24T08:16:25.239+0000] {override.py:1769} INFO - Created Permission View: can edit on DAG:my_python_scripts_dag
[2024-01-24T08:16:25.267+0000] {logging_mixin.py:188} INFO - [2024-01-24T08:16:25.266+0000] {override.py:1769} INFO - Created Permission View: can delete on DAG:my_python_scripts_dag
[2024-01-24T08:16:25.274+0000] {logging_mixin.py:188} INFO - [2024-01-24T08:16:25.273+0000] {dag.py:3036} INFO - Sync 1 DAGs
[2024-01-24T08:16:25.302+0000] {logging_mixin.py:188} INFO - [2024-01-24T08:16:25.301+0000] {dag.py:3058} INFO - Creating ORM DAG for my_python_scripts_dag
[2024-01-24T08:16:25.324+0000] {logging_mixin.py:188} INFO - [2024-01-24T08:16:25.323+0000] {dag.py:3823} INFO - Setting next_dagrun for my_python_scripts_dag to 2024-01-01 00:00:00+00:00, run_after=2024-01-01 02:00:00+00:00
[2024-01-24T08:16:25.375+0000] {processor.py:183} INFO - Processing /opt/airflow/dags/pipeline.py took 12.396 seconds
[2024-01-24T08:17:00.868+0000] {processor.py:161} INFO - Started process (PID=424) to work on /opt/airflow/dags/pipeline.py
[2024-01-24T08:17:00.871+0000] {processor.py:830} INFO - Processing file /opt/airflow/dags/pipeline.py for tasks to queue
[2024-01-24T08:17:00.873+0000] {logging_mixin.py:188} INFO - [2024-01-24T08:17:00.873+0000] {dagbag.py:538} INFO - Filling up the DagBag from /opt/airflow/dags/pipeline.py
[2024-01-24T08:17:00.915+0000] {processor.py:840} INFO - DAG(s) 'my_python_scripts_dag' retrieved from /opt/airflow/dags/pipeline.py
[2024-01-24T08:17:00.958+0000] {logging_mixin.py:188} INFO - [2024-01-24T08:17:00.958+0000] {dag.py:3036} INFO - Sync 1 DAGs
[2024-01-24T08:17:01.005+0000] {logging_mixin.py:188} INFO - [2024-01-24T08:17:01.005+0000] {dag.py:3823} INFO - Setting next_dagrun for my_python_scripts_dag to 2024-01-01 00:00:00+00:00, run_after=2024-01-01 02:00:00+00:00
[2024-01-24T08:17:01.414+0000] {processor.py:183} INFO - Processing /opt/airflow/dags/pipeline.py took 0.554 seconds
[2024-01-24T08:17:32.057+0000] {processor.py:161} INFO - Started process (PID=672) to work on /opt/airflow/dags/pipeline.py
[2024-01-24T08:17:32.059+0000] {processor.py:830} INFO - Processing file /opt/airflow/dags/pipeline.py for tasks to queue
[2024-01-24T08:17:32.061+0000] {logging_mixin.py:188} INFO - [2024-01-24T08:17:32.061+0000] {dagbag.py:538} INFO - Filling up the DagBag from /opt/airflow/dags/pipeline.py
[2024-01-24T08:17:32.104+0000] {processor.py:840} INFO - DAG(s) 'my_python_scripts_dag' retrieved from /opt/airflow/dags/pipeline.py
[2024-01-24T08:17:32.150+0000] {logging_mixin.py:188} INFO - [2024-01-24T08:17:32.149+0000] {dag.py:3036} INFO - Sync 1 DAGs
[2024-01-24T08:17:32.202+0000] {logging_mixin.py:188} INFO - [2024-01-24T08:17:32.201+0000] {dag.py:3823} INFO - Setting next_dagrun for my_python_scripts_dag to 2024-01-01 00:00:00+00:00, run_after=2024-01-01 02:00:00+00:00
[2024-01-24T08:17:32.266+0000] {processor.py:183} INFO - Processing /opt/airflow/dags/pipeline.py took 0.214 seconds
[2024-01-24T08:18:03.628+0000] {processor.py:161} INFO - Started process (PID=842) to work on /opt/airflow/dags/pipeline.py
[2024-01-24T08:18:03.630+0000] {processor.py:830} INFO - Processing file /opt/airflow/dags/pipeline.py for tasks to queue
[2024-01-24T08:18:03.632+0000] {logging_mixin.py:188} INFO - [2024-01-24T08:18:03.632+0000] {dagbag.py:538} INFO - Filling up the DagBag from /opt/airflow/dags/pipeline.py
[2024-01-24T08:18:03.733+0000] {processor.py:840} INFO - DAG(s) 'my_python_scripts_dag' retrieved from /opt/airflow/dags/pipeline.py
[2024-01-24T08:18:03.814+0000] {logging_mixin.py:188} INFO - [2024-01-24T08:18:03.813+0000] {dag.py:3036} INFO - Sync 1 DAGs
[2024-01-24T08:18:07.428+0000] {logging_mixin.py:188} INFO - [2024-01-24T08:18:07.427+0000] {dag.py:3823} INFO - Setting next_dagrun for my_python_scripts_dag to 2024-01-01 00:00:00+00:00, run_after=2024-01-01 02:00:00+00:00
[2024-01-24T08:18:08.696+0000] {processor.py:183} INFO - Processing /opt/airflow/dags/pipeline.py took 5.077 seconds
[2024-01-24T08:18:40.116+0000] {processor.py:161} INFO - Started process (PID=1096) to work on /opt/airflow/dags/pipeline.py
[2024-01-24T08:18:40.117+0000] {processor.py:830} INFO - Processing file /opt/airflow/dags/pipeline.py for tasks to queue
[2024-01-24T08:18:40.118+0000] {logging_mixin.py:188} INFO - [2024-01-24T08:18:40.118+0000] {dagbag.py:538} INFO - Filling up the DagBag from /opt/airflow/dags/pipeline.py
[2024-01-24T08:18:40.149+0000] {processor.py:840} INFO - DAG(s) 'my_python_scripts_dag' retrieved from /opt/airflow/dags/pipeline.py
[2024-01-24T08:18:40.178+0000] {logging_mixin.py:188} INFO - [2024-01-24T08:18:40.177+0000] {dag.py:3036} INFO - Sync 1 DAGs
[2024-01-24T08:18:40.206+0000] {logging_mixin.py:188} INFO - [2024-01-24T08:18:40.206+0000] {dag.py:3823} INFO - Setting next_dagrun for my_python_scripts_dag to 2024-01-01 00:00:00+00:00, run_after=2024-01-01 02:00:00+00:00
[2024-01-24T08:18:40.256+0000] {processor.py:183} INFO - Processing /opt/airflow/dags/pipeline.py took 0.144 seconds
[2024-01-24T08:19:10.511+0000] {processor.py:161} INFO - Started process (PID=1348) to work on /opt/airflow/dags/pipeline.py
[2024-01-24T08:19:10.513+0000] {processor.py:830} INFO - Processing file /opt/airflow/dags/pipeline.py for tasks to queue
[2024-01-24T08:19:10.515+0000] {logging_mixin.py:188} INFO - [2024-01-24T08:19:10.515+0000] {dagbag.py:538} INFO - Filling up the DagBag from /opt/airflow/dags/pipeline.py
[2024-01-24T08:19:10.546+0000] {processor.py:840} INFO - DAG(s) 'my_python_scripts_dag' retrieved from /opt/airflow/dags/pipeline.py
[2024-01-24T08:19:10.575+0000] {logging_mixin.py:188} INFO - [2024-01-24T08:19:10.575+0000] {dag.py:3036} INFO - Sync 1 DAGs
[2024-01-24T08:19:10.607+0000] {logging_mixin.py:188} INFO - [2024-01-24T08:19:10.607+0000] {dag.py:3823} INFO - Setting next_dagrun for my_python_scripts_dag to 2024-01-01 00:00:00+00:00, run_after=2024-01-01 02:00:00+00:00
[2024-01-24T08:19:10.652+0000] {processor.py:183} INFO - Processing /opt/airflow/dags/pipeline.py took 0.147 seconds
[2024-01-24T08:19:40.859+0000] {processor.py:161} INFO - Started process (PID=1601) to work on /opt/airflow/dags/pipeline.py
[2024-01-24T08:19:40.861+0000] {processor.py:830} INFO - Processing file /opt/airflow/dags/pipeline.py for tasks to queue
[2024-01-24T08:19:40.862+0000] {logging_mixin.py:188} INFO - [2024-01-24T08:19:40.862+0000] {dagbag.py:538} INFO - Filling up the DagBag from /opt/airflow/dags/pipeline.py
[2024-01-24T08:19:40.886+0000] {processor.py:840} INFO - DAG(s) 'my_python_scripts_dag' retrieved from /opt/airflow/dags/pipeline.py
[2024-01-24T08:19:40.920+0000] {logging_mixin.py:188} INFO - [2024-01-24T08:19:40.919+0000] {dag.py:3036} INFO - Sync 1 DAGs
[2024-01-24T08:19:40.953+0000] {logging_mixin.py:188} INFO - [2024-01-24T08:19:40.953+0000] {dag.py:3823} INFO - Setting next_dagrun for my_python_scripts_dag to 2024-01-01 00:00:00+00:00, run_after=2024-01-01 02:00:00+00:00
[2024-01-24T08:19:41.001+0000] {processor.py:183} INFO - Processing /opt/airflow/dags/pipeline.py took 0.145 seconds
[2024-01-24T08:20:11.538+0000] {processor.py:161} INFO - Started process (PID=1853) to work on /opt/airflow/dags/pipeline.py
[2024-01-24T08:20:11.545+0000] {processor.py:830} INFO - Processing file /opt/airflow/dags/pipeline.py for tasks to queue
[2024-01-24T08:20:11.548+0000] {logging_mixin.py:188} INFO - [2024-01-24T08:20:11.548+0000] {dagbag.py:538} INFO - Filling up the DagBag from /opt/airflow/dags/pipeline.py
[2024-01-24T08:20:11.608+0000] {processor.py:840} INFO - DAG(s) 'my_python_scripts_dag' retrieved from /opt/airflow/dags/pipeline.py
[2024-01-24T08:20:11.663+0000] {logging_mixin.py:188} INFO - [2024-01-24T08:20:11.663+0000] {dag.py:3036} INFO - Sync 1 DAGs
[2024-01-24T08:20:11.739+0000] {logging_mixin.py:188} INFO - [2024-01-24T08:20:11.738+0000] {dag.py:3823} INFO - Setting next_dagrun for my_python_scripts_dag to 2024-01-01 00:00:00+00:00, run_after=2024-01-01 02:00:00+00:00
[2024-01-24T08:20:11.833+0000] {processor.py:183} INFO - Processing /opt/airflow/dags/pipeline.py took 0.303 seconds
[2024-01-24T08:20:43.284+0000] {processor.py:161} INFO - Started process (PID=2079) to work on /opt/airflow/dags/pipeline.py
[2024-01-24T08:20:43.287+0000] {processor.py:830} INFO - Processing file /opt/airflow/dags/pipeline.py for tasks to queue
[2024-01-24T08:20:43.289+0000] {logging_mixin.py:188} INFO - [2024-01-24T08:20:43.289+0000] {dagbag.py:538} INFO - Filling up the DagBag from /opt/airflow/dags/pipeline.py
[2024-01-24T08:20:43.340+0000] {processor.py:840} INFO - DAG(s) 'my_python_scripts_dag' retrieved from /opt/airflow/dags/pipeline.py
[2024-01-24T08:20:43.393+0000] {logging_mixin.py:188} INFO - [2024-01-24T08:20:43.392+0000] {dag.py:3036} INFO - Sync 1 DAGs
[2024-01-24T08:20:43.453+0000] {logging_mixin.py:188} INFO - [2024-01-24T08:20:43.452+0000] {dag.py:3823} INFO - Setting next_dagrun for my_python_scripts_dag to 2024-01-01 00:00:00+00:00, run_after=2024-01-01 02:00:00+00:00
[2024-01-24T08:20:43.512+0000] {processor.py:183} INFO - Processing /opt/airflow/dags/pipeline.py took 0.236 seconds
[2024-01-24T08:21:13.878+0000] {processor.py:161} INFO - Started process (PID=2308) to work on /opt/airflow/dags/pipeline.py
[2024-01-24T08:21:13.880+0000] {processor.py:830} INFO - Processing file /opt/airflow/dags/pipeline.py for tasks to queue
[2024-01-24T08:21:13.881+0000] {logging_mixin.py:188} INFO - [2024-01-24T08:21:13.881+0000] {dagbag.py:538} INFO - Filling up the DagBag from /opt/airflow/dags/pipeline.py
[2024-01-24T08:21:13.904+0000] {processor.py:840} INFO - DAG(s) 'my_python_scripts_dag' retrieved from /opt/airflow/dags/pipeline.py
[2024-01-24T08:21:13.934+0000] {logging_mixin.py:188} INFO - [2024-01-24T08:21:13.933+0000] {dag.py:3036} INFO - Sync 1 DAGs
[2024-01-24T08:21:13.966+0000] {logging_mixin.py:188} INFO - [2024-01-24T08:21:13.966+0000] {dag.py:3823} INFO - Setting next_dagrun for my_python_scripts_dag to 2024-01-01 00:00:00+00:00, run_after=2024-01-01 02:00:00+00:00
[2024-01-24T08:21:14.027+0000] {processor.py:183} INFO - Processing /opt/airflow/dags/pipeline.py took 0.155 seconds
[2024-01-24T08:21:44.270+0000] {processor.py:161} INFO - Started process (PID=2560) to work on /opt/airflow/dags/pipeline.py
[2024-01-24T08:21:44.272+0000] {processor.py:830} INFO - Processing file /opt/airflow/dags/pipeline.py for tasks to queue
[2024-01-24T08:21:44.273+0000] {logging_mixin.py:188} INFO - [2024-01-24T08:21:44.273+0000] {dagbag.py:538} INFO - Filling up the DagBag from /opt/airflow/dags/pipeline.py
[2024-01-24T08:21:44.304+0000] {processor.py:840} INFO - DAG(s) 'my_python_scripts_dag' retrieved from /opt/airflow/dags/pipeline.py
[2024-01-24T08:21:44.335+0000] {logging_mixin.py:188} INFO - [2024-01-24T08:21:44.335+0000] {dag.py:3036} INFO - Sync 1 DAGs
[2024-01-24T08:21:44.368+0000] {logging_mixin.py:188} INFO - [2024-01-24T08:21:44.368+0000] {dag.py:3823} INFO - Setting next_dagrun for my_python_scripts_dag to 2024-01-01 00:00:00+00:00, run_after=2024-01-01 02:00:00+00:00
[2024-01-24T08:21:44.415+0000] {processor.py:183} INFO - Processing /opt/airflow/dags/pipeline.py took 0.148 seconds
[2024-01-24T08:23:39.600+0000] {processor.py:161} INFO - Started process (PID=2720) to work on /opt/airflow/dags/pipeline.py
[2024-01-24T08:23:39.626+0000] {processor.py:830} INFO - Processing file /opt/airflow/dags/pipeline.py for tasks to queue
[2024-01-24T08:23:39.631+0000] {logging_mixin.py:188} INFO - [2024-01-24T08:23:39.630+0000] {dagbag.py:538} INFO - Filling up the DagBag from /opt/airflow/dags/pipeline.py
[2024-01-24T08:23:39.776+0000] {processor.py:840} INFO - DAG(s) 'my_python_scripts_dag' retrieved from /opt/airflow/dags/pipeline.py
[2024-01-24T08:23:40.325+0000] {logging_mixin.py:188} INFO - [2024-01-24T08:23:40.324+0000] {dag.py:3036} INFO - Sync 1 DAGs
[2024-01-24T08:24:20.324+0000] {processor.py:183} INFO - Processing /opt/airflow/dags/pipeline.py took 41.888 seconds
[2024-01-24T08:31:49.654+0000] {processor.py:161} INFO - Started process (PID=2820) to work on /opt/airflow/dags/pipeline.py
[2024-01-24T08:31:51.469+0000] {processor.py:830} INFO - Processing file /opt/airflow/dags/pipeline.py for tasks to queue
[2024-01-24T08:31:51.572+0000] {logging_mixin.py:188} INFO - [2024-01-24T08:31:51.570+0000] {dagbag.py:538} INFO - Filling up the DagBag from /opt/airflow/dags/pipeline.py
[2024-01-24T08:31:54.060+0000] {processor.py:840} INFO - DAG(s) 'my_python_scripts_dag' retrieved from /opt/airflow/dags/pipeline.py
[2024-01-24T08:33:06.019+0000] {logging_mixin.py:188} INFO - [2024-01-24T08:32:30.972+0000] {taskinstance.py:2700} ERROR - {'DAG Id': 'my_python_scripts_dag', 'Task Id': 'run_flight_radar_test', 'Run Id': 'scheduled__2024-01-01T18:00:00+00:00', 'Hostname': 'ba35707b0936'}
[2024-01-24T09:40:41.221+0000] {processor.py:161} INFO - Started process (PID=173) to work on /opt/airflow/dags/pipeline.py
[2024-01-24T09:40:41.230+0000] {processor.py:830} INFO - Processing file /opt/airflow/dags/pipeline.py for tasks to queue
[2024-01-24T09:40:41.244+0000] {logging_mixin.py:188} INFO - [2024-01-24T09:40:41.235+0000] {dagbag.py:538} INFO - Filling up the DagBag from /opt/airflow/dags/pipeline.py
[2024-01-24T09:40:41.414+0000] {processor.py:840} INFO - DAG(s) 'my_python_scripts_dag' retrieved from /opt/airflow/dags/pipeline.py
[2024-01-24T09:40:44.560+0000] {logging_mixin.py:188} INFO - [2024-01-24T09:40:44.559+0000] {dag.py:3036} INFO - Sync 1 DAGs
[2024-01-24T09:40:45.233+0000] {processor.py:183} INFO - Processing /opt/airflow/dags/pipeline.py took 4.031 seconds
[2024-01-24T09:50:55.228+0000] {processor.py:161} INFO - Started process (PID=526) to work on /opt/airflow/dags/pipeline.py
[2024-01-24T09:51:00.939+0000] {processor.py:830} INFO - Processing file /opt/airflow/dags/pipeline.py for tasks to queue
[2024-01-24T09:51:01.611+0000] {logging_mixin.py:188} INFO - [2024-01-24T09:51:01.492+0000] {dagbag.py:538} INFO - Filling up the DagBag from /opt/airflow/dags/pipeline.py
[2024-01-24T09:51:14.410+0000] {processor.py:840} INFO - DAG(s) 'my_python_scripts_dag' retrieved from /opt/airflow/dags/pipeline.py
[2024-01-24T09:51:29.714+0000] {logging_mixin.py:188} INFO - [2024-01-24T09:51:29.713+0000] {dag.py:3036} INFO - Sync 1 DAGs
[2024-01-24T09:52:00.853+0000] {processor.py:161} INFO - Started process (PID=582) to work on /opt/airflow/dags/pipeline.py
[2024-01-24T09:52:00.865+0000] {processor.py:830} INFO - Processing file /opt/airflow/dags/pipeline.py for tasks to queue
[2024-01-24T09:52:00.867+0000] {logging_mixin.py:188} INFO - [2024-01-24T09:52:00.866+0000] {dagbag.py:538} INFO - Filling up the DagBag from /opt/airflow/dags/pipeline.py
[2024-01-24T09:52:01.872+0000] {processor.py:840} INFO - DAG(s) 'my_python_scripts_dag' retrieved from /opt/airflow/dags/pipeline.py
[2024-01-24T09:52:04.984+0000] {logging_mixin.py:188} INFO - [2024-01-24T09:52:04.983+0000] {taskinstance.py:2700} ERROR - {'DAG Id': 'my_python_scripts_dag', 'Task Id': 'run_flight_radar_test', 'Run Id': 'scheduled__2024-01-02T10:00:00+00:00', 'Hostname': '56a1d17932f3'}
[2024-01-24T09:52:05.345+0000] {logging_mixin.py:188} INFO - [2024-01-24T09:52:05.344+0000] {taskinstance.py:1138} INFO - Marking task as FAILED. dag_id=my_python_scripts_dag, task_id=run_flight_radar_test, execution_date=20240102T100000, start_date=20240124T095131, end_date=20240124T095205
[2024-01-24T09:52:05.826+0000] {processor.py:791} INFO - Executed failure callback for <TaskInstance: my_python_scripts_dag.run_flight_radar_test scheduled__2024-01-02T10:00:00+00:00 [failed]> in state failed
[2024-01-24T09:52:08.507+0000] {logging_mixin.py:188} INFO - [2024-01-24T09:52:08.506+0000] {dag.py:3036} INFO - Sync 1 DAGs
[2024-01-24T09:52:08.700+0000] {logging_mixin.py:188} INFO - [2024-01-24T09:52:08.700+0000] {dag.py:3823} INFO - Setting next_dagrun for my_python_scripts_dag to 2024-01-03 00:00:00+00:00, run_after=2024-01-03 00:02:00+00:00
[2024-01-24T09:52:13.243+0000] {processor.py:183} INFO - Processing /opt/airflow/dags/pipeline.py took 11.486 seconds
[2024-01-24T10:53:45.224+0000] {processor.py:161} INFO - Started process (PID=187) to work on /opt/airflow/dags/pipeline.py
[2024-01-24T10:53:45.229+0000] {processor.py:830} INFO - Processing file /opt/airflow/dags/pipeline.py for tasks to queue
[2024-01-24T10:53:45.572+0000] {logging_mixin.py:188} INFO - [2024-01-24T10:53:45.544+0000] {dagbag.py:538} INFO - Filling up the DagBag from /opt/airflow/dags/pipeline.py
[2024-01-24T10:53:45.919+0000] {processor.py:840} INFO - DAG(s) 'my_python_scripts_dag' retrieved from /opt/airflow/dags/pipeline.py
[2024-01-24T11:23:24.513+0000] {processor.py:161} INFO - Started process (PID=168) to work on /opt/airflow/dags/pipeline.py
[2024-01-24T11:23:24.516+0000] {processor.py:830} INFO - Processing file /opt/airflow/dags/pipeline.py for tasks to queue
[2024-01-24T11:23:24.523+0000] {logging_mixin.py:188} INFO - [2024-01-24T11:23:24.517+0000] {dagbag.py:538} INFO - Filling up the DagBag from /opt/airflow/dags/pipeline.py
[2024-01-24T11:23:24.595+0000] {processor.py:840} INFO - DAG(s) 'my_python_scripts_dag' retrieved from /opt/airflow/dags/pipeline.py
[2024-01-24T11:23:25.070+0000] {logging_mixin.py:188} INFO - [2024-01-24T11:23:25.069+0000] {override.py:1769} INFO - Created Permission View: can read on DAG:my_python_scripts_dag
[2024-01-24T11:23:25.092+0000] {logging_mixin.py:188} INFO - [2024-01-24T11:23:25.092+0000] {override.py:1769} INFO - Created Permission View: can edit on DAG:my_python_scripts_dag
[2024-01-24T11:23:25.106+0000] {logging_mixin.py:188} INFO - [2024-01-24T11:23:25.105+0000] {override.py:1769} INFO - Created Permission View: can delete on DAG:my_python_scripts_dag
[2024-01-24T11:23:25.107+0000] {logging_mixin.py:188} INFO - [2024-01-24T11:23:25.107+0000] {dag.py:3036} INFO - Sync 1 DAGs
[2024-01-24T11:23:25.128+0000] {logging_mixin.py:188} INFO - [2024-01-24T11:23:25.127+0000] {dag.py:3058} INFO - Creating ORM DAG for my_python_scripts_dag
[2024-01-24T11:23:25.149+0000] {logging_mixin.py:188} INFO - [2024-01-24T11:23:25.149+0000] {dag.py:3823} INFO - Setting next_dagrun for my_python_scripts_dag to 2024-01-01 00:00:00+00:00, run_after=2024-01-01 00:02:00+00:00
[2024-01-24T11:23:25.194+0000] {processor.py:183} INFO - Processing /opt/airflow/dags/pipeline.py took 0.687 seconds
[2024-01-24T11:24:02.494+0000] {processor.py:161} INFO - Started process (PID=418) to work on /opt/airflow/dags/pipeline.py
[2024-01-24T11:24:02.504+0000] {processor.py:830} INFO - Processing file /opt/airflow/dags/pipeline.py for tasks to queue
[2024-01-24T11:24:02.511+0000] {logging_mixin.py:188} INFO - [2024-01-24T11:24:02.510+0000] {dagbag.py:538} INFO - Filling up the DagBag from /opt/airflow/dags/pipeline.py
[2024-01-24T11:24:02.690+0000] {processor.py:840} INFO - DAG(s) 'my_python_scripts_dag' retrieved from /opt/airflow/dags/pipeline.py
[2024-01-24T11:24:02.768+0000] {logging_mixin.py:188} INFO - [2024-01-24T11:24:02.767+0000] {dag.py:3036} INFO - Sync 1 DAGs
[2024-01-24T11:24:02.832+0000] {logging_mixin.py:188} INFO - [2024-01-24T11:24:02.831+0000] {dag.py:3823} INFO - Setting next_dagrun for my_python_scripts_dag to 2024-01-01 00:00:00+00:00, run_after=2024-01-01 00:02:00+00:00
[2024-01-24T11:24:02.934+0000] {processor.py:183} INFO - Processing /opt/airflow/dags/pipeline.py took 0.461 seconds
[2024-01-24T11:24:40.730+0000] {processor.py:161} INFO - Started process (PID=662) to work on /opt/airflow/dags/pipeline.py
[2024-01-24T11:24:40.732+0000] {processor.py:830} INFO - Processing file /opt/airflow/dags/pipeline.py for tasks to queue
[2024-01-24T11:24:40.737+0000] {logging_mixin.py:188} INFO - [2024-01-24T11:24:40.735+0000] {dagbag.py:538} INFO - Filling up the DagBag from /opt/airflow/dags/pipeline.py
[2024-01-24T11:24:40.774+0000] {processor.py:840} INFO - DAG(s) 'my_python_scripts_dag' retrieved from /opt/airflow/dags/pipeline.py
[2024-01-24T11:24:40.828+0000] {logging_mixin.py:188} INFO - [2024-01-24T11:24:40.827+0000] {dag.py:3036} INFO - Sync 1 DAGs
[2024-01-24T11:24:40.896+0000] {logging_mixin.py:188} INFO - [2024-01-24T11:24:40.895+0000] {dag.py:3823} INFO - Setting next_dagrun for my_python_scripts_dag to 2024-01-01 00:00:00+00:00, run_after=2024-01-01 00:02:00+00:00
[2024-01-24T11:24:41.786+0000] {processor.py:183} INFO - Processing /opt/airflow/dags/pipeline.py took 1.064 seconds
[2024-01-24T11:25:16.131+0000] {processor.py:161} INFO - Started process (PID=913) to work on /opt/airflow/dags/pipeline.py
[2024-01-24T11:25:16.134+0000] {processor.py:830} INFO - Processing file /opt/airflow/dags/pipeline.py for tasks to queue
[2024-01-24T11:25:16.136+0000] {logging_mixin.py:188} INFO - [2024-01-24T11:25:16.136+0000] {dagbag.py:538} INFO - Filling up the DagBag from /opt/airflow/dags/pipeline.py
[2024-01-24T11:25:16.175+0000] {processor.py:840} INFO - DAG(s) 'my_python_scripts_dag' retrieved from /opt/airflow/dags/pipeline.py
[2024-01-24T11:25:16.211+0000] {logging_mixin.py:188} INFO - [2024-01-24T11:25:16.211+0000] {dag.py:3036} INFO - Sync 1 DAGs
[2024-01-24T11:25:16.254+0000] {logging_mixin.py:188} INFO - [2024-01-24T11:25:16.254+0000] {dag.py:3823} INFO - Setting next_dagrun for my_python_scripts_dag to 2024-01-01 00:00:00+00:00, run_after=2024-01-01 00:02:00+00:00
[2024-01-24T11:25:16.289+0000] {processor.py:183} INFO - Processing /opt/airflow/dags/pipeline.py took 0.163 seconds
[2024-01-24T11:25:48.770+0000] {processor.py:161} INFO - Started process (PID=1150) to work on /opt/airflow/dags/pipeline.py
[2024-01-24T11:25:48.775+0000] {processor.py:830} INFO - Processing file /opt/airflow/dags/pipeline.py for tasks to queue
[2024-01-24T11:25:48.782+0000] {logging_mixin.py:188} INFO - [2024-01-24T11:25:48.779+0000] {dagbag.py:538} INFO - Filling up the DagBag from /opt/airflow/dags/pipeline.py
[2024-01-24T11:25:48.888+0000] {processor.py:840} INFO - DAG(s) 'my_python_scripts_dag' retrieved from /opt/airflow/dags/pipeline.py
[2024-01-24T11:25:48.949+0000] {logging_mixin.py:188} INFO - [2024-01-24T11:25:48.948+0000] {dag.py:3036} INFO - Sync 1 DAGs
[2024-01-24T11:25:49.009+0000] {logging_mixin.py:188} INFO - [2024-01-24T11:25:49.008+0000] {dag.py:3823} INFO - Setting next_dagrun for my_python_scripts_dag to 2024-01-01 00:00:00+00:00, run_after=2024-01-01 00:02:00+00:00
[2024-01-24T11:25:49.081+0000] {processor.py:183} INFO - Processing /opt/airflow/dags/pipeline.py took 0.329 seconds
[2024-01-24T11:26:25.446+0000] {processor.py:161} INFO - Started process (PID=1357) to work on /opt/airflow/dags/pipeline.py
[2024-01-24T11:26:25.449+0000] {processor.py:830} INFO - Processing file /opt/airflow/dags/pipeline.py for tasks to queue
[2024-01-24T11:26:25.453+0000] {logging_mixin.py:188} INFO - [2024-01-24T11:26:25.452+0000] {dagbag.py:538} INFO - Filling up the DagBag from /opt/airflow/dags/pipeline.py
[2024-01-24T11:26:25.502+0000] {processor.py:840} INFO - DAG(s) 'my_python_scripts_dag' retrieved from /opt/airflow/dags/pipeline.py
[2024-01-24T11:26:25.575+0000] {logging_mixin.py:188} INFO - [2024-01-24T11:26:25.574+0000] {dag.py:3036} INFO - Sync 1 DAGs
[2024-01-24T11:26:25.687+0000] {logging_mixin.py:188} INFO - [2024-01-24T11:26:25.686+0000] {dag.py:3823} INFO - Setting next_dagrun for my_python_scripts_dag to 2024-01-01 00:00:00+00:00, run_after=2024-01-01 00:02:00+00:00
[2024-01-24T11:26:25.776+0000] {processor.py:183} INFO - Processing /opt/airflow/dags/pipeline.py took 0.337 seconds
[2024-01-24T11:26:56.435+0000] {processor.py:161} INFO - Started process (PID=1592) to work on /opt/airflow/dags/pipeline.py
[2024-01-24T11:26:56.447+0000] {processor.py:830} INFO - Processing file /opt/airflow/dags/pipeline.py for tasks to queue
[2024-01-24T11:26:56.453+0000] {logging_mixin.py:188} INFO - [2024-01-24T11:26:56.451+0000] {dagbag.py:538} INFO - Filling up the DagBag from /opt/airflow/dags/pipeline.py
[2024-01-24T11:26:57.104+0000] {processor.py:840} INFO - DAG(s) 'my_python_scripts_dag' retrieved from /opt/airflow/dags/pipeline.py
[2024-01-24T11:26:58.491+0000] {logging_mixin.py:188} INFO - [2024-01-24T11:26:58.490+0000] {dag.py:3036} INFO - Sync 1 DAGs
[2024-01-24T11:26:58.523+0000] {logging_mixin.py:188} INFO - [2024-01-24T11:26:58.522+0000] {dag.py:3823} INFO - Setting next_dagrun for my_python_scripts_dag to 2024-01-01 00:00:00+00:00, run_after=2024-01-01 00:02:00+00:00
[2024-01-24T11:26:58.559+0000] {processor.py:183} INFO - Processing /opt/airflow/dags/pipeline.py took 2.137 seconds
[2024-01-24T11:27:29.212+0000] {processor.py:161} INFO - Started process (PID=1847) to work on /opt/airflow/dags/pipeline.py
[2024-01-24T11:27:29.215+0000] {processor.py:830} INFO - Processing file /opt/airflow/dags/pipeline.py for tasks to queue
[2024-01-24T11:27:29.217+0000] {logging_mixin.py:188} INFO - [2024-01-24T11:27:29.216+0000] {dagbag.py:538} INFO - Filling up the DagBag from /opt/airflow/dags/pipeline.py
[2024-01-24T11:27:29.256+0000] {processor.py:840} INFO - DAG(s) 'my_python_scripts_dag' retrieved from /opt/airflow/dags/pipeline.py
[2024-01-24T11:27:29.300+0000] {logging_mixin.py:188} INFO - [2024-01-24T11:27:29.300+0000] {dag.py:3036} INFO - Sync 1 DAGs
[2024-01-24T11:27:29.342+0000] {logging_mixin.py:188} INFO - [2024-01-24T11:27:29.342+0000] {dag.py:3823} INFO - Setting next_dagrun for my_python_scripts_dag to 2024-01-01 00:00:00+00:00, run_after=2024-01-01 00:02:00+00:00
[2024-01-24T11:27:29.386+0000] {processor.py:183} INFO - Processing /opt/airflow/dags/pipeline.py took 0.181 seconds
[2024-01-24T11:28:34.228+0000] {processor.py:161} INFO - Started process (PID=2111) to work on /opt/airflow/dags/pipeline.py
[2024-01-24T11:28:34.232+0000] {processor.py:830} INFO - Processing file /opt/airflow/dags/pipeline.py for tasks to queue
[2024-01-24T11:28:34.239+0000] {logging_mixin.py:188} INFO - [2024-01-24T11:28:34.238+0000] {dagbag.py:538} INFO - Filling up the DagBag from /opt/airflow/dags/pipeline.py
[2024-01-24T11:28:34.493+0000] {processor.py:840} INFO - DAG(s) 'my_python_scripts_dag' retrieved from /opt/airflow/dags/pipeline.py
[2024-01-24T11:28:34.675+0000] {logging_mixin.py:188} INFO - [2024-01-24T11:28:34.673+0000] {dag.py:3036} INFO - Sync 1 DAGs
[2024-01-24T11:28:34.802+0000] {logging_mixin.py:188} INFO - [2024-01-24T11:28:34.801+0000] {dag.py:3823} INFO - Setting next_dagrun for my_python_scripts_dag to 2024-01-01 00:22:00+00:00, run_after=2024-01-01 00:24:00+00:00
[2024-01-24T11:28:35.080+0000] {processor.py:183} INFO - Processing /opt/airflow/dags/pipeline.py took 0.868 seconds
[2024-01-24T11:43:59.043+0000] {processor.py:161} INFO - Started process (PID=2428) to work on /opt/airflow/dags/pipeline.py
[2024-01-24T11:43:59.050+0000] {processor.py:830} INFO - Processing file /opt/airflow/dags/pipeline.py for tasks to queue
[2024-01-24T11:43:59.053+0000] {logging_mixin.py:188} INFO - [2024-01-24T11:43:59.052+0000] {dagbag.py:538} INFO - Filling up the DagBag from /opt/airflow/dags/pipeline.py
[2024-01-24T11:43:59.099+0000] {processor.py:840} INFO - DAG(s) 'my_python_scripts_dag' retrieved from /opt/airflow/dags/pipeline.py
[2024-01-24T11:43:59.194+0000] {logging_mixin.py:188} INFO - [2024-01-24T11:43:59.193+0000] {dag.py:3036} INFO - Sync 1 DAGs
[2024-01-24T11:43:59.399+0000] {logging_mixin.py:188} INFO - [2024-01-24T11:43:59.398+0000] {dag.py:3823} INFO - Setting next_dagrun for my_python_scripts_dag to 2024-01-01 00:30:00+00:00, run_after=2024-01-01 00:32:00+00:00
[2024-01-24T11:44:00.333+0000] {processor.py:183} INFO - Processing /opt/airflow/dags/pipeline.py took 1.303 seconds
[2024-01-24T11:51:27.951+0000] {processor.py:161} INFO - Started process (PID=2607) to work on /opt/airflow/dags/pipeline.py
[2024-01-24T11:51:47.697+0000] {processor.py:830} INFO - Processing file /opt/airflow/dags/pipeline.py for tasks to queue
[2024-01-24T11:51:49.063+0000] {logging_mixin.py:188} INFO - [2024-01-24T11:51:49.039+0000] {dagbag.py:538} INFO - Filling up the DagBag from /opt/airflow/dags/pipeline.py
[2024-01-24T11:51:56.140+0000] {processor.py:840} INFO - DAG(s) 'my_python_scripts_dag' retrieved from /opt/airflow/dags/pipeline.py
[2024-01-24T11:52:54.975+0000] {processor.py:161} INFO - Started process (PID=2631) to work on /opt/airflow/dags/pipeline.py
[2024-01-24T11:52:54.979+0000] {processor.py:830} INFO - Processing file /opt/airflow/dags/pipeline.py for tasks to queue
[2024-01-24T11:52:54.987+0000] {logging_mixin.py:188} INFO - [2024-01-24T11:52:54.984+0000] {dagbag.py:538} INFO - Filling up the DagBag from /opt/airflow/dags/pipeline.py
[2024-01-24T11:52:55.105+0000] {processor.py:840} INFO - DAG(s) 'my_python_scripts_dag' retrieved from /opt/airflow/dags/pipeline.py
[2024-01-24T11:53:00.852+0000] {logging_mixin.py:188} INFO - [2024-01-24T11:53:00.850+0000] {dag.py:3036} INFO - Sync 1 DAGs
[2024-01-24T11:53:01.990+0000] {logging_mixin.py:188} INFO - [2024-01-24T11:53:01.986+0000] {dag.py:3823} INFO - Setting next_dagrun for my_python_scripts_dag to 2024-01-01 00:46:00+00:00, run_after=2024-01-01 00:48:00+00:00
[2024-01-24T11:53:04.894+0000] {processor.py:183} INFO - Processing /opt/airflow/dags/pipeline.py took 9.934 seconds
[2024-01-24T12:01:09.017+0000] {processor.py:161} INFO - Started process (PID=167) to work on /opt/airflow/dags/pipeline.py
[2024-01-24T12:01:09.020+0000] {processor.py:830} INFO - Processing file /opt/airflow/dags/pipeline.py for tasks to queue
[2024-01-24T12:01:09.024+0000] {logging_mixin.py:188} INFO - [2024-01-24T12:01:09.022+0000] {dagbag.py:538} INFO - Filling up the DagBag from /opt/airflow/dags/pipeline.py
[2024-01-24T12:01:09.111+0000] {processor.py:840} INFO - DAG(s) 'my_python_scripts_dag' retrieved from /opt/airflow/dags/pipeline.py
[2024-01-24T12:01:09.920+0000] {logging_mixin.py:188} INFO - [2024-01-24T12:01:09.919+0000] {dag.py:3036} INFO - Sync 1 DAGs
[2024-01-24T12:01:10.047+0000] {processor.py:183} INFO - Processing /opt/airflow/dags/pipeline.py took 1.039 seconds
[2024-01-24T12:03:52.011+0000] {processor.py:161} INFO - Started process (PID=460) to work on /opt/airflow/dags/pipeline.py
[2024-01-24T12:03:52.044+0000] {processor.py:830} INFO - Processing file /opt/airflow/dags/pipeline.py for tasks to queue
[2024-01-24T12:03:52.061+0000] {logging_mixin.py:188} INFO - [2024-01-24T12:03:52.060+0000] {dagbag.py:538} INFO - Filling up the DagBag from /opt/airflow/dags/pipeline.py
[2024-01-24T12:03:52.650+0000] {processor.py:840} INFO - DAG(s) 'my_python_scripts_dag' retrieved from /opt/airflow/dags/pipeline.py
[2024-01-24T12:03:52.792+0000] {logging_mixin.py:188} INFO - [2024-01-24T12:03:52.791+0000] {dag.py:3036} INFO - Sync 1 DAGs
[2024-01-24T12:04:20.135+0000] {logging_mixin.py:188} INFO - [2024-01-24T12:04:20.135+0000] {dag.py:3823} INFO - Setting next_dagrun for my_python_scripts_dag to 2024-01-01 01:08:00+00:00, run_after=2024-01-01 01:10:00+00:00
[2024-01-24T12:04:27.095+0000] {processor.py:183} INFO - Processing /opt/airflow/dags/pipeline.py took 34.963 seconds
[2024-01-24T12:20:45.812+0000] {processor.py:161} INFO - Started process (PID=167) to work on /opt/airflow/dags/pipeline.py
[2024-01-24T12:20:45.828+0000] {processor.py:830} INFO - Processing file /opt/airflow/dags/pipeline.py for tasks to queue
[2024-01-24T12:20:45.842+0000] {logging_mixin.py:188} INFO - [2024-01-24T12:20:45.841+0000] {dagbag.py:538} INFO - Filling up the DagBag from /opt/airflow/dags/pipeline.py
[2024-01-24T12:20:46.067+0000] {logging_mixin.py:188} INFO - [2024-01-24T12:20:46.039+0000] {dagbag.py:348} ERROR - Failed to import: /opt/airflow/dags/pipeline.py
Traceback (most recent call last):
  File "/home/airflow/.local/lib/python3.8/site-packages/airflow/models/dagbag.py", line 344, in parse
    loader.exec_module(new_module)
  File "<frozen importlib._bootstrap_external>", line 843, in exec_module
  File "<frozen importlib._bootstrap>", line 219, in _call_with_frames_removed
  File "/opt/airflow/dags/pipeline.py", line 19, in <module>
    schedule_interval=timedelta(heures=2),
TypeError: 'heures' is an invalid keyword argument for __new__()
[2024-01-24T12:20:46.073+0000] {processor.py:842} WARNING - No viable dags retrieved from /opt/airflow/dags/pipeline.py
[2024-01-24T12:20:55.128+0000] {processor.py:183} INFO - Processing /opt/airflow/dags/pipeline.py took 9.138 seconds
